Copyright 1986-2020 Xilinx, Inc. All Rights Reserved.
------------------------------------------------------------------------------------
| Tool Version : Vivado v.2020.2 (win64) Build 3064766 Wed Nov 18 09:12:45 MST 2020
| Date         : Wed May  4 13:12:28 2022
| Host         : DESKTOP-EQ8SOC6 running 64-bit major release  (build 9200)
| Command      : upgrade_ip
| Device       : xc7z010clg400-1
------------------------------------------------------------------------------------

Upgrade Log for IP 'system_xlslice_0_1'

1. Summary
----------

SUCCESS in the upgrade of system_xlslice_0_1 (xilinx.com:ip:xlslice:1.0) from (Rev. 1) to (Rev. 2)






Copyright 1986-2020 Xilinx, Inc. All Rights Reserved.
------------------------------------------------------------------------------------
| Tool Version : Vivado v.2020.2 (win64) Build 3064766 Wed Nov 18 09:12:45 MST 2020
| Date         : Wed May  4 13:12:28 2022
| Host         : DESKTOP-EQ8SOC6 running 64-bit major release  (build 9200)
| Command      : upgrade_ip
| Device       : xc7z010clg400-1
------------------------------------------------------------------------------------

Upgrade Log for IP 'system_xlconstant_1_0'

1. Summary
----------

SUCCESS in the upgrade of system_xlconstant_1_0 (xilinx.com:ip:xlconstant:1.1) from (Rev. 5) to (Rev. 7)






Copyright 1986-2020 Xilinx, Inc. All Rights Reserved.
------------------------------------------------------------------------------------
| Tool Version : Vivado v.2020.2 (win64) Build 3064766 Wed Nov 18 09:12:45 MST 2020
| Date         : Wed May  4 13:12:28 2022
| Host         : DESKTOP-EQ8SOC6 running 64-bit major release  (build 9200)
| Command      : upgrade_ip
| Device       : xc7z010clg400-1
------------------------------------------------------------------------------------

Upgrade Log for IP 'system_xlconstant_0_1'

1. Summary
----------

SUCCESS in the upgrade of system_xlconstant_0_1 (xilinx.com:ip:xlconstant:1.1) from (Rev. 5) to (Rev. 7)






Copyright 1986-2020 Xilinx, Inc. All Rights Reserved.
------------------------------------------------------------------------------------
| Tool Version : Vivado v.2020.2 (win64) Build 3064766 Wed Nov 18 09:12:45 MST 2020
| Date         : Wed May  4 13:12:28 2022
| Host         : DESKTOP-EQ8SOC6 running 64-bit major release  (build 9200)
| Command      : upgrade_ip
| Device       : xc7z010clg400-1
------------------------------------------------------------------------------------

Upgrade Log for IP 'system_xlconstant_0_0'

1. Summary
----------

SUCCESS in the upgrade of system_xlconstant_0_0 (xilinx.com:ip:xlconstant:1.1) from (Rev. 5) to (Rev. 7)






Copyright 1986-2020 Xilinx, Inc. All Rights Reserved.
------------------------------------------------------------------------------------
| Tool Version : Vivado v.2020.2 (win64) Build 3064766 Wed Nov 18 09:12:45 MST 2020
| Date         : Wed May  4 13:12:28 2022
| Host         : DESKTOP-EQ8SOC6 running 64-bit major release  (build 9200)
| Command      : upgrade_ip
| Device       : xc7z010clg400-1
------------------------------------------------------------------------------------

Upgrade Log for IP 'system_subset_0_0'

1. Summary
----------

SUCCESS in the upgrade of system_subset_0_0 (xilinx.com:ip:axis_subset_converter:1.1) from (Rev. 18) to (Rev. 22)






Copyright 1986-2020 Xilinx, Inc. All Rights Reserved.
------------------------------------------------------------------------------------
| Tool Version : Vivado v.2020.2 (win64) Build 3064766 Wed Nov 18 09:12:45 MST 2020
| Date         : Wed May  4 13:12:28 2022
| Host         : DESKTOP-EQ8SOC6 running 64-bit major release  (build 9200)
| Command      : upgrade_ip
| Device       : xc7z010clg400-1
------------------------------------------------------------------------------------

Upgrade Log for IP 'system_ps_0_axi_periph_0'

1. Summary
----------

SUCCESS in the upgrade of system_ps_0_axi_periph_0 (xilinx.com:ip:axi_interconnect:2.1) from (Rev. 19) to (Rev. 23)






Copyright 1986-2020 Xilinx, Inc. All Rights Reserved.
------------------------------------------------------------------------------------
| Tool Version : Vivado v.2020.2 (win64) Build 3064766 Wed Nov 18 09:12:45 MST 2020
| Date         : Wed May  4 13:12:28 2022
| Host         : DESKTOP-EQ8SOC6 running 64-bit major release  (build 9200)
| Command      : upgrade_ip
| Device       : xc7z010clg400-1
------------------------------------------------------------------------------------

Upgrade Log for IP 'system_pll_0_0'

1. Summary
----------

SUCCESS in the upgrade of system_pll_0_0 (xilinx.com:ip:clk_wiz:6.0) from (Rev. 2) to (Rev. 6)






Copyright 1986-2020 Xilinx, Inc. All Rights Reserved.
------------------------------------------------------------------------------------
| Tool Version : Vivado v.2020.2 (win64) Build 3064766 Wed Nov 18 09:12:45 MST 2020
| Date         : Wed May  4 13:12:28 2022
| Host         : DESKTOP-EQ8SOC6 running 64-bit major release  (build 9200)
| Command      : upgrade_ip
| Device       : xc7z010clg400-1
------------------------------------------------------------------------------------

Upgrade Log for IP 'system_fir_compiler_1_0'

1. Summary
----------

SUCCESS in the upgrade of system_fir_compiler_1_0 (xilinx.com:ip:fir_compiler:7.2) from (Rev. 11) to (Rev. 15)






Copyright 1986-2020 Xilinx, Inc. All Rights Reserved.
------------------------------------------------------------------------------------
| Tool Version : Vivado v.2020.2 (win64) Build 3064766 Wed Nov 18 09:12:45 MST 2020
| Date         : Wed May  4 13:12:28 2022
| Host         : DESKTOP-EQ8SOC6 running 64-bit major release  (build 9200)
| Command      : upgrade_ip
| Device       : xc7z010clg400-1
------------------------------------------------------------------------------------

Upgrade Log for IP 'system_conv_0_0'

1. Summary
----------

SUCCESS in the upgrade of system_conv_0_0 (xilinx.com:ip:axis_dwidth_converter:1.1) from (Rev. 17) to (Rev. 21)






Copyright 1986-2020 Xilinx, Inc. All Rights Reserved.
------------------------------------------------------------------------------------
| Tool Version : Vivado v.2020.2 (win64) Build 3064766 Wed Nov 18 09:12:45 MST 2020
| Date         : Wed May  4 13:12:28 2022
| Host         : DESKTOP-EQ8SOC6 running 64-bit major release  (build 9200)
| Command      : upgrade_ip
| Device       : xc7z010clg400-1
------------------------------------------------------------------------------------

Upgrade Log for IP 'system_const_1_0'

1. Summary
----------

SUCCESS in the upgrade of system_const_1_0 (xilinx.com:ip:xlconstant:1.1) from (Rev. 5) to (Rev. 7)






Copyright 1986-2020 Xilinx, Inc. All Rights Reserved.
------------------------------------------------------------------------------------
| Tool Version : Vivado v.2020.2 (win64) Build 3064766 Wed Nov 18 09:12:45 MST 2020
| Date         : Wed May  4 13:12:28 2022
| Host         : DESKTOP-EQ8SOC6 running 64-bit major release  (build 9200)
| Command      : upgrade_ip
| Device       : xc7z010clg400-1
------------------------------------------------------------------------------------

Upgrade Log for IP 'system_const_0_0'

1. Summary
----------

SUCCESS in the upgrade of system_const_0_0 (xilinx.com:ip:xlconstant:1.1) from (Rev. 5) to (Rev. 7)






Copyright 1986-2020 Xilinx, Inc. All Rights Reserved.
------------------------------------------------------------------------------------
| Tool Version : Vivado v.2020.2 (win64) Build 3064766 Wed Nov 18 09:12:45 MST 2020
| Date         : Wed May  4 13:12:28 2022
| Host         : DESKTOP-EQ8SOC6 running 64-bit major release  (build 9200)
| Command      : upgrade_ip
| Device       : xc7z010clg400-1
------------------------------------------------------------------------------------

Upgrade Log for IP 'system_clk_wiz_0_0'

1. Summary
----------

SUCCESS in the upgrade of system_clk_wiz_0_0 (xilinx.com:ip:clk_wiz:6.0) from (Rev. 2) to (Rev. 6)






Copyright 1986-2020 Xilinx, Inc. All Rights Reserved.
------------------------------------------------------------------------------------
| Tool Version : Vivado v.2020.2 (win64) Build 3064766 Wed Nov 18 09:12:45 MST 2020
| Date         : Wed May  4 13:12:28 2022
| Host         : DESKTOP-EQ8SOC6 running 64-bit major release  (build 9200)
| Command      : upgrade_ip
| Device       : xc7z010clg400-1
------------------------------------------------------------------------------------

Upgrade Log for IP 'system_c_counter_binary_0_0'

1. Summary
----------

SUCCESS in the upgrade of system_c_counter_binary_0_0 (xilinx.com:ip:c_counter_binary:12.0) from (Rev. 12) to (Rev. 14)

